<?xml version="1.0" encoding="UTF-8"?>
<!-- Generated by org.testng.reporters.JUnitXMLReporter -->
<testsuite hostname="DESKTOP-6HVRKEU" ignored="1" name="Default test" tests="1" failures="0" timestamp="2022-02-03T17:31:42 IST" time="58.841" errors="0">
  <testcase name="login" time="55.885" classname="com.tamilnaduonlinestore.TamilnaduOnlineStore"/>
  <testcase name="Reg" time="0.0" classname="com.tamilnaduonlinestore.TamilnaduOnlineStore">
    <ignored/>
  </testcase> <!-- Reg -->
</testsuite> <!-- Default test -->
