<?xml version="1.0" encoding="UTF-8"?>
<testng-results skipped="0" failed="0" ignored="1" total="2" passed="1">
  <reporter-output>
  </reporter-output>
  <suite name="Suite" duration-ms="60543" started-at="2022-02-13T10:29:56 IST" finished-at="2022-02-13T10:30:57 IST">
    <groups>
    </groups>
    <test name="Test" duration-ms="60543" started-at="2022-02-13T10:29:56 IST" finished-at="2022-02-13T10:30:57 IST">
      <class name="com.demoblaze.DemoBlaze">
        <test-method status="PASS" signature="OpenBrowser()[pri:0, instance:com.demoblaze.DemoBlaze@4d41cee]" name="OpenBrowser" is-config="true" duration-ms="6364" started-at="2022-02-13T10:29:50 IST" finished-at="2022-02-13T10:29:56 IST">
          <reporter-output>
          </reporter-output>
        </test-method> <!-- OpenBrowser -->
        <test-method status="PASS" signature="maximizeBrowser()[pri:0, instance:com.demoblaze.DemoBlaze@4d41cee]" name="maximizeBrowser" is-config="true" duration-ms="171" started-at="2022-02-13T10:29:56 IST" finished-at="2022-02-13T10:29:56 IST">
          <reporter-output>
          </reporter-output>
        </test-method> <!-- maximizeBrowser -->
        <test-method status="PASS" signature="enterUrl()[pri:0, instance:com.demoblaze.DemoBlaze@4d41cee]" name="enterUrl" is-config="true" duration-ms="2715" started-at="2022-02-13T10:29:56 IST" finished-at="2022-02-13T10:29:59 IST">
          <reporter-output>
          </reporter-output>
        </test-method> <!-- enterUrl -->
        <test-method status="PASS" signature="getCookies()[pri:0, instance:com.demoblaze.DemoBlaze@4d41cee]" name="getCookies" is-config="true" duration-ms="1" started-at="2022-02-13T10:29:59 IST" finished-at="2022-02-13T10:29:59 IST">
          <reporter-output>
          </reporter-output>
        </test-method> <!-- getCookies -->
        <test-method status="PASS" signature="login()[pri:2, instance:com.demoblaze.DemoBlaze@4d41cee]" name="login" duration-ms="57581" started-at="2022-02-13T10:29:59 IST" finished-at="2022-02-13T10:30:57 IST">
          <reporter-output>
          </reporter-output>
        </test-method> <!-- login -->
        <test-method status="PASS" signature="captureScreenshot()[pri:0, instance:com.demoblaze.DemoBlaze@4d41cee]" name="captureScreenshot" is-config="true" duration-ms="0" started-at="2022-02-13T10:30:57 IST" finished-at="2022-02-13T10:30:57 IST">
          <reporter-output>
          </reporter-output>
        </test-method> <!-- captureScreenshot -->
        <test-method status="PASS" signature="deleteCookies()[pri:0, instance:com.demoblaze.DemoBlaze@4d41cee]" name="deleteCookies" is-config="true" duration-ms="36" started-at="2022-02-13T10:30:57 IST" finished-at="2022-02-13T10:30:57 IST">
          <reporter-output>
          </reporter-output>
        </test-method> <!-- deleteCookies -->
        <test-method status="PASS" signature="dbClose()[pri:0, instance:com.demoblaze.DemoBlaze@4d41cee]" name="dbClose" is-config="true" duration-ms="0" started-at="2022-02-13T10:30:57 IST" finished-at="2022-02-13T10:30:57 IST">
          <reporter-output>
          </reporter-output>
        </test-method> <!-- dbClose -->
        <test-method status="PASS" signature="CloseBrowser()[pri:0, instance:com.demoblaze.DemoBlaze@4d41cee]" name="CloseBrowser" is-config="true" duration-ms="3165" started-at="2022-02-13T10:30:57 IST" finished-at="2022-02-13T10:31:00 IST">
          <reporter-output>
          </reporter-output>
        </test-method> <!-- CloseBrowser -->
      </class> <!-- com.demoblaze.DemoBlaze -->
    </test> <!-- Test -->
  </suite> <!-- Suite -->
</testng-results>
